Release 9.2.04i - xst J.40
Copyright (c) 1995-2007 Xilinx, Inc.  All rights reserved.
--> Parameter TMPDIR set to ./xst/projnav.tmp
CPU : 0.00 / 0.09 s | Elapsed : 0.00 / 1.00 s
 
--> Parameter xsthdpdir set to ./xst
CPU : 0.00 / 0.09 s | Elapsed : 0.00 / 1.00 s
 
--> Reading design: RegSP.prj

TABLE OF CONTENTS
  1) Synthesis Options Summary
  2) HDL Compilation
  3) Design Hierarchy Analysis
  4) HDL Analysis
  5) HDL Synthesis
     5.1) HDL Synthesis Report
  6) Advanced HDL Synthesis
     6.1) Advanced HDL Synthesis Report
  7) Low Level Synthesis
  8) Partition Report
  9) Final Report
     9.1) Device utilization summary
     9.2) Partition Resource Summary
     9.3) TIMING REPORT


=========================================================================
*                      Synthesis Options Summary                        *
=========================================================================
---- Source Parameters
Input File Name                    : "RegSP.prj"
Input Format                       : mixed
Ignore Synthesis Constraint File   : NO

---- Target Parameters
Output File Name                   : "RegSP"
Output Format                      : NGC
Target Device                      : xc3s400-4-ft256

---- Source Options
Top Module Name                    : RegSP
Automatic FSM Extraction           : YES
FSM Encoding Algorithm             : Auto
Safe Implementation                : No
FSM Style                          : lut
RAM Extraction                     : Yes
RAM Style                          : Auto
ROM Extraction                     : Yes
Mux Style                          : Auto
Decoder Extraction                 : YES
Priority Encoder Extraction        : YES
Shift Register Extraction          : YES
Logical Shifter Extraction         : YES
XOR Collapsing                     : YES
ROM Style                          : Auto
Mux Extraction                     : YES
Resource Sharing                   : YES
Asynchronous To Synchronous        : NO
Multiplier Style                   : auto
Automatic Register Balancing       : No

---- Target Options
Add IO Buffers                     : YES
Global Maximum Fanout              : 500
Add Generic Clock Buffer(BUFG)     : 8
Register Duplication               : YES
Slice Packing                      : YES
Optimize Instantiated Primitives   : NO
Use Clock Enable                   : Yes
Use Synchronous Set                : Yes
Use Synchronous Reset              : Yes
Pack IO Registers into IOBs        : auto
Equivalent register Removal        : YES

---- General Options
Optimization Goal                  : Speed
Optimization Effort                : 1
Library Search Order               : RegSP.lso
Keep Hierarchy                     : NO
RTL Output                         : Yes
Global Optimization                : AllClockNets
Read Cores                         : YES
Write Timing Constraints           : NO
Cross Clock Analysis               : NO
Hierarchy Separator                : /
Bus Delimiter                      : <>
Case Specifier                     : maintain
Slice Utilization Ratio            : 100
BRAM Utilization Ratio             : 100
Verilog 2001                       : YES
Auto BRAM Packing                  : NO
Slice Utilization Ratio Delta      : 5

=========================================================================


=========================================================================
*                          HDL Compilation                              *
=========================================================================
Compiling vhdl file "D:/laborator_6_partea_comuna_I/RegSP/RegSP.vhd" in Library work.
Entity <regsp> compiled.
Entity <regsp> (Architecture <behavioral>) compiled.

=========================================================================
*                     Design Hierarchy Analysis                         *
=========================================================================
Analyzing hierarchy for entity <RegSP> in library <work> (architecture <behavioral>).


=========================================================================
*                            HDL Analysis                               *
=========================================================================
Analyzing Entity <RegSP> in library <work> (Architecture <behavioral>).
Entity <RegSP> analyzed. Unit <RegSP> generated.


=========================================================================
*                           HDL Synthesis                               *
=========================================================================

Performing bidirectional port resolution...

Synthesizing Unit <RegSP>.
    Related source file is "D:/laborator_6_partea_comuna_I/RegSP/RegSP.vhd".
    Found 8-bit register for signal <saQ>.
    Summary:
	inferred   8 D-type flip-flop(s).
Unit <RegSP> synthesized.


=========================================================================
HDL Synthesis Report

Macro Statistics
# Registers                                            : 1
 8-bit register                                        : 1

=========================================================================

=========================================================================
*                       Advanced HDL Synthesis                          *
=========================================================================

Loading device for application Rf_Device from file '3s400.nph' in environment C:\Xilinx92i.

=========================================================================
Advanced HDL Synthesis Report

Macro Statistics
# Registers                                            : 8
 Flip-Flops                                            : 8

=========================================================================

=========================================================================
*                         Low Level Synthesis                           *
=========================================================================

Optimizing unit <RegSP> ...

Mapping all equations...
Building and optimizing final netlist ...
Found area constraint ratio of 100 (+ 5) on block RegSP, actual ratio is 0.
FlipFlop saQ_0 has been replicated 1 time(s) to handle iob=true attribute.

Final Macro Processing ...

Processing Unit <RegSP> :
	Found 2-bit shift register for signal <saQ_1>.
Unit <RegSP> processed.

=========================================================================
Final Register Report

Macro Statistics
# Registers                                            : 7
 Flip-Flops                                            : 7
# Shift Registers                                      : 1
 2-bit shift register                                  : 1

=========================================================================

=========================================================================
*                          Partition Report                             *
=========================================================================

Partition Implementation Status
-------------------------------

  No Partitions were found in this design.

-------------------------------

=========================================================================
*                            Final Report                               *
=========================================================================
Final Results
RTL Top Level Output File Name     : RegSP.ngr
Top Level Output File Name         : RegSP
Output Format                      : NGC
Optimization Goal                  : Speed
Keep Hierarchy                     : NO

Design Statistics
# IOs                              : 10

Cell Usage :
# BELS                             : 1
#      GND                         : 1
# FlipFlops/Latches                : 8
#      FD                          : 8
# Shift Registers                  : 1
#      SRL16                       : 1
# Clock Buffers                    : 1
#      BUFGP                       : 1
# IO Buffers                       : 9
#      IBUF                        : 1
#      OBUF                        : 8
=========================================================================

Device utilization summary:
---------------------------

Selected Device : 3s400ft256-4 

 Number of Slices:                       4  out of   3584     0%  
 Number of Slice Flip Flops:             8  out of   7168     0%  
 Number of 4 input LUTs:                 1  out of   7168     0%  
    Number used as logic:                0
    Number used as Shift registers:      1
 Number of IOs:                         10
 Number of bonded IOBs:                 10  out of    173     5%  
    IOB Flip Flops:                      1
 Number of GCLKs:                        1  out of      8    12%  

---------------------------
Partition Resource Summary:
---------------------------

  No Partitions were found in this design.

---------------------------


=========================================================================
TIMING REPORT

NOTE: THESE TIMING NUMBERS ARE ONLY A SYNTHESIS ESTIMATE.
      FOR ACCURATE TIMING INFORMATION PLEASE REFER TO THE TRACE REPORT
      GENERATED AFTER PLACE-and-ROUTE.

Clock Information:
------------------
-----------------------------------+------------------------+-------+
Clock Signal                       | Clock buffer(FF name)  | Load  |
-----------------------------------+------------------------+-------+
iClock                             | BUFGP                  | 9     |
-----------------------------------+------------------------+-------+

Asynchronous Control Signals Information:
----------------------------------------
No asynchronous control signals found in this design

Timing Summary:
---------------
Speed Grade: -4

   Minimum period: 3.398ns (Maximum Frequency: 294.291MHz)
   Minimum input arrival time before clock: 2.137ns
   Maximum output required time after clock: 7.241ns
   Maximum combinational path delay: No path found

Timing Detail:
--------------
All values displayed in nanoseconds (ns)

=========================================================================
Timing constraint: Default period analysis for Clock 'iClock'
  Clock period: 3.398ns (frequency: 294.291MHz)
  Total number of paths / destination ports: 7 / 7
-------------------------------------------------------------------------
Delay:               3.398ns (Levels of Logic = 0)
  Source:            Mshreg_saQ_1 (FF)
  Destination:       saQ_1 (FF)
  Source Clock:      iClock rising
  Destination Clock: iClock rising

  Data Path: Mshreg_saQ_1 to saQ_1
                                Gate     Net
    Cell:in->out      fanout   Delay   Delay  Logical Name (Net Name)
    ----------------------------------------  ------------
     SRL16:CLK->Q          1   3.195   0.000  Mshreg_saQ_1 (Mshreg_saQ_1)
     FD:D                      0.203          saQ_1
    ----------------------------------------
    Total                      3.398ns (3.398ns logic, 0.000ns route)
                                       (100.0% logic, 0.0% route)

=========================================================================
Timing constraint: Default OFFSET IN BEFORE for Clock 'iClock'
  Total number of paths / destination ports: 2 / 2
-------------------------------------------------------------------------
Offset:              2.137ns (Levels of Logic = 1)
  Source:            iDataSerie (PAD)
  Destination:       Mshreg_saQ_1 (FF)
  Destination Clock: iClock rising

  Data Path: iDataSerie to Mshreg_saQ_1
                                Gate     Net
    Cell:in->out      fanout   Delay   Delay  Logical Name (Net Name)
    ----------------------------------------  ------------
     IBUF:I->O             2   0.821   0.877  iDataSerie_IBUF (iDataSerie_IBUF)
     SRL16:D                   0.439          Mshreg_saQ_1
    ----------------------------------------
    Total                      2.137ns (1.260ns logic, 0.877ns route)
                                       (59.0% logic, 41.0% route)

=========================================================================
Timing constraint: Default OFFSET OUT AFTER for Clock 'iClock'
  Total number of paths / destination ports: 8 / 8
-------------------------------------------------------------------------
Offset:              7.241ns (Levels of Logic = 1)
  Source:            saQ_1 (FF)
  Destination:       oaQ<1> (PAD)
  Source Clock:      iClock rising

  Data Path: saQ_1 to oaQ<1>
                                Gate     Net
    Cell:in->out      fanout   Delay   Delay  Logical Name (Net Name)
    ----------------------------------------  ------------
     FD:C->Q               2   0.720   0.877  saQ_1 (saQ_1)
     OBUF:I->O                 5.644          oaQ_1_OBUF (oaQ<1>)
    ----------------------------------------
    Total                      7.241ns (6.364ns logic, 0.877ns route)
                                       (87.9% logic, 12.1% route)

=========================================================================
CPU : 1.85 / 1.95 s | Elapsed : 1.00 / 2.00 s
 
--> 

Total memory usage is 202856 kilobytes

Number of errors   :    0 (   0 filtered)
Number of warnings :    0 (   0 filtered)
Number of infos    :    0 (   0 filtered)

