Release 9.2.04i - xst J.40
Copyright (c) 1995-2007 Xilinx, Inc.  All rights reserved.
--> Parameter TMPDIR set to ./xst/projnav.tmp
CPU : 0.00 / 0.08 s | Elapsed : 0.00 / 0.00 s
 
--> Parameter xsthdpdir set to ./xst
CPU : 0.00 / 0.08 s | Elapsed : 0.00 / 0.00 s
 
--> Reading design: adder4.prj

TABLE OF CONTENTS
  1) Synthesis Options Summary
  2) HDL Compilation
  3) Design Hierarchy Analysis
  4) HDL Analysis
  5) HDL Synthesis
     5.1) HDL Synthesis Report
  6) Advanced HDL Synthesis
     6.1) Advanced HDL Synthesis Report
  7) Low Level Synthesis
  8) Partition Report
  9) Final Report
     9.1) Device utilization summary
     9.2) Partition Resource Summary
     9.3) TIMING REPORT


=========================================================================
*                      Synthesis Options Summary                        *
=========================================================================
---- Source Parameters
Input File Name                    : "adder4.prj"
Input Format                       : mixed
Ignore Synthesis Constraint File   : NO

---- Target Parameters
Output File Name                   : "adder4"
Output Format                      : NGC
Target Device                      : xc3s400-4-ft256

---- Source Options
Top Module Name                    : adder4
Automatic FSM Extraction           : YES
FSM Encoding Algorithm             : Auto
Safe Implementation                : No
FSM Style                          : lut
RAM Extraction                     : Yes
RAM Style                          : Auto
ROM Extraction                     : Yes
Mux Style                          : Auto
Decoder Extraction                 : YES
Priority Encoder Extraction        : YES
Shift Register Extraction          : YES
Logical Shifter Extraction         : YES
XOR Collapsing                     : YES
ROM Style                          : Auto
Mux Extraction                     : YES
Resource Sharing                   : YES
Asynchronous To Synchronous        : NO
Multiplier Style                   : auto
Automatic Register Balancing       : No

---- Target Options
Add IO Buffers                     : YES
Global Maximum Fanout              : 500
Add Generic Clock Buffer(BUFG)     : 8
Register Duplication               : YES
Slice Packing                      : YES
Optimize Instantiated Primitives   : NO
Use Clock Enable                   : Yes
Use Synchronous Set                : Yes
Use Synchronous Reset              : Yes
Pack IO Registers into IOBs        : auto
Equivalent register Removal        : YES

---- General Options
Optimization Goal                  : Speed
Optimization Effort                : 1
Library Search Order               : adder4.lso
Keep Hierarchy                     : NO
RTL Output                         : Yes
Global Optimization                : AllClockNets
Read Cores                         : YES
Write Timing Constraints           : NO
Cross Clock Analysis               : NO
Hierarchy Separator                : /
Bus Delimiter                      : <>
Case Specifier                     : maintain
Slice Utilization Ratio            : 100
BRAM Utilization Ratio             : 100
Verilog 2001                       : YES
Auto BRAM Packing                  : NO
Slice Utilization Ratio Delta      : 5

=========================================================================


=========================================================================
*                          HDL Compilation                              *
=========================================================================
Compiling vhdl file "D:/SUM4 folosind SUM1- Ricea Alexandra/schema/adder1.vhf" in Library work.
Entity <adder1> compiled.
Entity <adder1> (Architecture <BEHAVIORAL>) compiled.
Compiling vhdl file "D:/SUM4 folosind SUM1- Ricea Alexandra/schema/adder4.vhf" in Library work.
Architecture behavioral of Entity adder4 is up to date.

=========================================================================
*                     Design Hierarchy Analysis                         *
=========================================================================
Analyzing hierarchy for entity <adder4> in library <work> (architecture <behavioral>).

Analyzing hierarchy for entity <adder1> in library <work> (architecture <BEHAVIORAL>).


=========================================================================
*                            HDL Analysis                               *
=========================================================================
Analyzing Entity <adder4> in library <work> (Architecture <behavioral>).
Entity <adder4> analyzed. Unit <adder4> generated.

Analyzing Entity <adder1> in library <work> (Architecture <BEHAVIORAL>).
Entity <adder1> analyzed. Unit <adder1> generated.


=========================================================================
*                           HDL Synthesis                               *
=========================================================================

Performing bidirectional port resolution...

Synthesizing Unit <adder1>.
    Related source file is "D:/SUM4 folosind SUM1- Ricea Alexandra/schema/adder1.vhf".
Unit <adder1> synthesized.


Synthesizing Unit <adder4>.
    Related source file is "D:/SUM4 folosind SUM1- Ricea Alexandra/schema/adder4.vhf".
Unit <adder4> synthesized.


=========================================================================
HDL Synthesis Report

Found no macro
=========================================================================

=========================================================================
*                       Advanced HDL Synthesis                          *
=========================================================================

Loading device for application Rf_Device from file '3s400.nph' in environment C:\Xilinx92i.

=========================================================================
Advanced HDL Synthesis Report

Found no macro
=========================================================================

=========================================================================
*                         Low Level Synthesis                           *
=========================================================================

Optimizing unit <adder4> ...

Mapping all equations...
Building and optimizing final netlist ...
Found area constraint ratio of 100 (+ 5) on block adder4, actual ratio is 0.

Final Macro Processing ...

=========================================================================
Final Register Report

Found no macro
=========================================================================

=========================================================================
*                          Partition Report                             *
=========================================================================

Partition Implementation Status
-------------------------------

  No Partitions were found in this design.

-------------------------------

=========================================================================
*                            Final Report                               *
=========================================================================
Final Results
RTL Top Level Output File Name     : adder4.ngr
Top Level Output File Name         : adder4
Output Format                      : NGC
Optimization Goal                  : Speed
Keep Hierarchy                     : NO

Design Statistics
# IOs                              : 14

Cell Usage :
# BELS                             : 20
#      AND2                        : 12
#      OR3                         : 4
#      XOR3                        : 4
# IO Buffers                       : 14
#      IBUF                        : 9
#      OBUF                        : 5
=========================================================================

Device utilization summary:
---------------------------

Selected Device : 3s400ft256-4 

 Number of Slices:                       0  out of   3584     0%  
 Number of IOs:                         14
 Number of bonded IOBs:                 14  out of    173     8%  

---------------------------
Partition Resource Summary:
---------------------------

  No Partitions were found in this design.

---------------------------


=========================================================================
TIMING REPORT

NOTE: THESE TIMING NUMBERS ARE ONLY A SYNTHESIS ESTIMATE.
      FOR ACCURATE TIMING INFORMATION PLEASE REFER TO THE TRACE REPORT
      GENERATED AFTER PLACE-and-ROUTE.

Clock Information:
------------------
No clock signals found in this design

Asynchronous Control Signals Information:
----------------------------------------
No asynchronous control signals found in this design

Timing Summary:
---------------
Speed Grade: -4

   Minimum period: No path found
   Minimum input arrival time before clock: No path found
   Maximum output required time after clock: No path found
   Maximum combinational path delay: 18.506ns

Timing Detail:
--------------
All values displayed in nanoseconds (ns)

=========================================================================
Timing constraint: Default path analysis
  Total number of paths / destination ports: 143 / 5
-------------------------------------------------------------------------
Delay:               18.506ns (Levels of Logic = 10)
  Source:            b<0> (PAD)
  Destination:       Cout (PAD)

  Data Path: b<0> to Cout
                                Gate     Net
    Cell:in->out      fanout   Delay   Delay  Logical Name (Net Name)
    ----------------------------------------  ------------
     IBUF:I->O             3   0.821   0.907  b_0_IBUF (b_0_IBUF)
     AND2:I0->O            1   0.551   0.801  XLXI_4/XLXI_4 (XLXI_4/XLXN_4)
     OR3:I0->O             3   0.551   0.907  XLXI_4/XLXI_5 (XLXN_23)
     AND2:I1->O            1   0.551   0.801  XLXI_3/XLXI_4 (XLXI_3/XLXN_4)
     OR3:I0->O             3   0.551   0.907  XLXI_3/XLXI_5 (XLXN_21)
     AND2:I1->O            1   0.551   0.801  XLXI_2/XLXI_4 (XLXI_2/XLXN_4)
     OR3:I0->O             3   0.551   0.907  XLXI_2/XLXI_5 (XLXN_20)
     AND2:I1->O            1   0.551   0.801  XLXI_1/XLXI_4 (XLXI_1/XLXN_4)
     OR3:I0->O             1   0.551   0.801  XLXI_1/XLXI_5 (Cout_OBUF)
     OBUF:I->O                 5.644          Cout_OBUF (Cout)
    ----------------------------------------
    Total                     18.506ns (10.873ns logic, 7.633ns route)
                                       (58.8% logic, 41.2% route)

=========================================================================
CPU : 1.99 / 2.09 s | Elapsed : 2.00 / 2.00 s
 
--> 

Total memory usage is 214300 kilobytes

Number of errors   :    0 (   0 filtered)
Number of warnings :    0 (   0 filtered)
Number of infos    :    0 (   0 filtered)

