--------------------------------------------------------------------------------
Release 9.2.04i Trace 
Copyright (c) 1995-2007 Xilinx, Inc.  All rights reserved.

C:\Xilinx92i\bin\nt\trce.exe -ise
D:/SUM4 folosind SUM1- Ricea Alexandra/schema/schema.ise -intstyle ise -e 3 -s
4 -xml adder4 adder4.ncd -o adder4.twr adder4.pcf

Design file:              adder4.ncd
Physical constraint file: adder4.pcf
Device,package,speed:     xc3s400,ft256,-4 (PRODUCTION 1.39 2007-10-19)
Report level:             error report

Environment Variable      Effect 
--------------------      ------ 
NONE                      No environment variables were set
--------------------------------------------------------------------------------

INFO:Timing:2698 - No timing constraints found, doing default enumeration.
INFO:Timing:2752 - To get complete path coverage, use the unconstrained paths 
   option. All paths that are not constrained will be reported in the 
   unconstrained paths section(s) of the report.
INFO:Timing:3339 - The clock-to-out numbers in this timing report are based on 
   a 50 Ohm transmission line loading model.  For the details of this model, 
   and for more information on accounting for different loading conditions, 
   please see the device datasheet.



Data Sheet report:
-----------------
All values displayed in nanoseconds (ns)

Pad to Pad
---------------+---------------+---------+
Source Pad     |Destination Pad|  Delay  |
---------------+---------------+---------+
Cin            |Cout           |   15.340|
Cin            |s<0>           |    7.809|
Cin            |s<1>           |    9.431|
Cin            |s<2>           |   14.405|
Cin            |s<3>           |   13.630|
a<0>           |Cout           |   15.561|
a<0>           |s<0>           |    7.640|
a<0>           |s<1>           |    9.652|
a<0>           |s<2>           |   14.626|
a<0>           |s<3>           |   13.851|
a<1>           |Cout           |   14.372|
a<1>           |s<1>           |    8.548|
a<1>           |s<2>           |   13.437|
a<1>           |s<3>           |   12.662|
a<2>           |Cout           |   14.303|
a<2>           |s<2>           |    9.289|
a<2>           |s<3>           |   12.593|
a<3>           |Cout           |    9.321|
a<3>           |s<3>           |   11.417|
b<0>           |Cout           |   15.238|
b<0>           |s<0>           |    7.750|
b<0>           |s<1>           |    9.329|
b<0>           |s<2>           |   14.303|
b<0>           |s<3>           |   13.528|
b<1>           |Cout           |   14.094|
b<1>           |s<1>           |    8.179|
b<1>           |s<2>           |   13.159|
b<1>           |s<3>           |   12.384|
b<2>           |Cout           |   13.351|
b<2>           |s<2>           |    9.595|
b<2>           |s<3>           |   11.641|
b<3>           |Cout           |    9.098|
b<3>           |s<3>           |   10.511|
---------------+---------------+---------+


Analysis completed Tue Jan 11 15:36:07 2022 
--------------------------------------------------------------------------------

Trace Settings:
-------------------------
Trace Settings 

Peak Memory Usage: 118 MB



