Release 9.2.04i - xst J.40
Copyright (c) 1995-2007 Xilinx, Inc.  All rights reserved.
--> Parameter TMPDIR set to ./xst/projnav.tmp
CPU : 0.00 / 0.18 s | Elapsed : 0.00 / 0.00 s
 
--> Parameter xsthdpdir set to ./xst
CPU : 0.00 / 0.18 s | Elapsed : 0.00 / 0.00 s
 
--> Reading design: num6.prj

TABLE OF CONTENTS
  1) Synthesis Options Summary
  2) HDL Compilation
  3) Design Hierarchy Analysis
  4) HDL Analysis
  5) HDL Synthesis
     5.1) HDL Synthesis Report
  6) Advanced HDL Synthesis
     6.1) Advanced HDL Synthesis Report
  7) Low Level Synthesis
  8) Partition Report
  9) Final Report
     9.1) Device utilization summary
     9.2) Partition Resource Summary
     9.3) TIMING REPORT


=========================================================================
*                      Synthesis Options Summary                        *
=========================================================================
---- Source Parameters
Input File Name                    : "num6.prj"
Input Format                       : mixed
Ignore Synthesis Constraint File   : NO

---- Target Parameters
Output File Name                   : "num6"
Output Format                      : NGC
Target Device                      : xa3s50-4-vqg100

---- Source Options
Top Module Name                    : num6
Automatic FSM Extraction           : YES
FSM Encoding Algorithm             : Auto
Safe Implementation                : No
FSM Style                          : lut
RAM Extraction                     : Yes
RAM Style                          : Auto
ROM Extraction                     : Yes
Mux Style                          : Auto
Decoder Extraction                 : YES
Priority Encoder Extraction        : YES
Shift Register Extraction          : YES
Logical Shifter Extraction         : YES
XOR Collapsing                     : YES
ROM Style                          : Auto
Mux Extraction                     : YES
Resource Sharing                   : YES
Asynchronous To Synchronous        : NO
Multiplier Style                   : auto
Automatic Register Balancing       : No

---- Target Options
Add IO Buffers                     : YES
Global Maximum Fanout              : 500
Add Generic Clock Buffer(BUFG)     : 8
Register Duplication               : YES
Slice Packing                      : YES
Optimize Instantiated Primitives   : NO
Use Clock Enable                   : Yes
Use Synchronous Set                : Yes
Use Synchronous Reset              : Yes
Pack IO Registers into IOBs        : auto
Equivalent register Removal        : YES

---- General Options
Optimization Goal                  : Speed
Optimization Effort                : 1
Library Search Order               : num6.lso
Keep Hierarchy                     : NO
RTL Output                         : Yes
Global Optimization                : AllClockNets
Read Cores                         : YES
Write Timing Constraints           : NO
Cross Clock Analysis               : NO
Hierarchy Separator                : /
Bus Delimiter                      : <>
Case Specifier                     : maintain
Slice Utilization Ratio            : 100
BRAM Utilization Ratio             : 100
Verilog 2001                       : YES
Auto BRAM Packing                  : NO
Slice Utilization Ratio Delta      : 5

=========================================================================


=========================================================================
*                          HDL Compilation                              *
=========================================================================
Compiling vhdl file "D:/laborator_7_partea_comuna/num6/num6.vhd" in Library work.
Architecture behavioral of Entity num6 is up to date.

=========================================================================
*                     Design Hierarchy Analysis                         *
=========================================================================
Analyzing hierarchy for entity <num6> in library <work> (architecture <behavioral>) with generics.
	n = 5


=========================================================================
*                            HDL Analysis                               *
=========================================================================
Analyzing generic Entity <num6> in library <work> (Architecture <behavioral>).
	n = 5
Entity <num6> analyzed. Unit <num6> generated.


=========================================================================
*                           HDL Synthesis                               *
=========================================================================

Performing bidirectional port resolution...

Synthesizing Unit <num6>.
    Related source file is "D:/laborator_7_partea_comuna/num6/num6.vhd".
    Found 5-bit register for signal <saQ>.
Unit <num6> synthesized.


=========================================================================
HDL Synthesis Report

Macro Statistics
# Registers                                            : 1
 5-bit register                                        : 1

=========================================================================

=========================================================================
*                       Advanced HDL Synthesis                          *
=========================================================================

Loading device for application Rf_Device from file '3s50.nph' in environment C:\Xilinx92i.

=========================================================================
Advanced HDL Synthesis Report

Macro Statistics
# Registers                                            : 5
 Flip-Flops                                            : 5

=========================================================================

=========================================================================
*                         Low Level Synthesis                           *
=========================================================================

Optimizing unit <num6> ...

Mapping all equations...
Building and optimizing final netlist ...
Found area constraint ratio of 100 (+ 5) on block num6, actual ratio is 0.

Final Macro Processing ...

=========================================================================
Final Register Report

Macro Statistics
# Registers                                            : 5
 Flip-Flops                                            : 5

=========================================================================

=========================================================================
*                          Partition Report                             *
=========================================================================

Partition Implementation Status
-------------------------------

  No Partitions were found in this design.

-------------------------------

=========================================================================
*                            Final Report                               *
=========================================================================
Final Results
RTL Top Level Output File Name     : num6.ngr
Top Level Output File Name         : num6
Output Format                      : NGC
Optimization Goal                  : Speed
Keep Hierarchy                     : NO

Design Statistics
# IOs                              : 7

Cell Usage :
# FlipFlops/Latches                : 5
#      FDC                         : 4
#      FDP                         : 1
# Clock Buffers                    : 1
#      BUFGP                       : 1
# IO Buffers                       : 6
#      IBUF                        : 1
#      OBUF                        : 5
=========================================================================

Device utilization summary:
---------------------------

Selected Device : xa3s50vqg100-4 

 Number of Slices:                       3  out of    768     0%  
 Number of Slice Flip Flops:             5  out of   1536     0%  
 Number of IOs:                          7
 Number of bonded IOBs:                  7  out of     63    11%  
 Number of GCLKs:                        1  out of      8    12%  

---------------------------
Partition Resource Summary:
---------------------------

  No Partitions were found in this design.

---------------------------


=========================================================================
TIMING REPORT

NOTE: THESE TIMING NUMBERS ARE ONLY A SYNTHESIS ESTIMATE.
      FOR ACCURATE TIMING INFORMATION PLEASE REFER TO THE TRACE REPORT
      GENERATED AFTER PLACE-and-ROUTE.

Clock Information:
------------------
-----------------------------------+------------------------+-------+
Clock Signal                       | Clock buffer(FF name)  | Load  |
-----------------------------------+------------------------+-------+
iClk                               | BUFGP                  | 5     |
-----------------------------------+------------------------+-------+

Asynchronous Control Signals Information:
----------------------------------------
-----------------------------------+------------------------+-------+
Control Signal                     | Buffer(FF name)        | Load  |
-----------------------------------+------------------------+-------+
iReset                             | IBUF                   | 5     |
-----------------------------------+------------------------+-------+

Timing Summary:
---------------
Speed Grade: -4

   Minimum period: 1.800ns (Maximum Frequency: 555.556MHz)
   Minimum input arrival time before clock: No path found
   Maximum output required time after clock: 7.241ns
   Maximum combinational path delay: No path found

Timing Detail:
--------------
All values displayed in nanoseconds (ns)

=========================================================================
Timing constraint: Default period analysis for Clock 'iClk'
  Clock period: 1.800ns (frequency: 555.556MHz)
  Total number of paths / destination ports: 5 / 5
-------------------------------------------------------------------------
Delay:               1.800ns (Levels of Logic = 0)
  Source:            saQ_3 (FF)
  Destination:       saQ_4 (FF)
  Source Clock:      iClk rising
  Destination Clock: iClk rising

  Data Path: saQ_3 to saQ_4
                                Gate     Net
    Cell:in->out      fanout   Delay   Delay  Logical Name (Net Name)
    ----------------------------------------  ------------
     FDC:C->Q              2   0.720   0.877  saQ_3 (saQ_3)
     FDC:D                     0.203          saQ_4
    ----------------------------------------
    Total                      1.800ns (0.923ns logic, 0.877ns route)
                                       (51.3% logic, 48.7% route)

=========================================================================
Timing constraint: Default OFFSET OUT AFTER for Clock 'iClk'
  Total number of paths / destination ports: 5 / 5
-------------------------------------------------------------------------
Offset:              7.241ns (Levels of Logic = 1)
  Source:            saQ_4 (FF)
  Destination:       oaQ<4> (PAD)
  Source Clock:      iClk rising

  Data Path: saQ_4 to oaQ<4>
                                Gate     Net
    Cell:in->out      fanout   Delay   Delay  Logical Name (Net Name)
    ----------------------------------------  ------------
     FDC:C->Q              2   0.720   0.877  saQ_4 (saQ_4)
     OBUF:I->O                 5.644          oaQ_4_OBUF (oaQ<4>)
    ----------------------------------------
    Total                      7.241ns (6.364ns logic, 0.877ns route)
                                       (87.9% logic, 12.1% route)

=========================================================================
CPU : 3.15 / 3.34 s | Elapsed : 4.00 / 4.00 s
 
--> 

Total memory usage is 196904 kilobytes

Number of errors   :    0 (   0 filtered)
Number of warnings :    0 (   0 filtered)
Number of infos    :    0 (   0 filtered)

